INFO: [VRFC 10-2263] Analyzing Verilog file "/home/tiago/Documents/Vespa/project_micro/project_micro.sim/sim_1/impl/func/xsim/topTB_func_impl.v" into library xil_defaultlib
INFO: [VRFC 10-311] analyzing module RegFileHandler
INFO: [VRFC 10-311] analyzing module RegFileIP
INFO: [VRFC 10-311] analyzing module RegFileIP_blk_mem_gen_0_0
INFO: [VRFC 10-311] analyzing module RegFileIP_blk_mem_gen_0_1
INFO: [VRFC 10-311] analyzing module addrHandler
INFO: [VRFC 10-311] analyzing module alu
INFO: [VRFC 10-311] analyzing module clockModule
INFO: [VRFC 10-311] analyzing module controlunit
INFO: [VRFC 10-311] analyzing module datapath
INFO: [VRFC 10-311] analyzing module memory_ip
INFO: [VRFC 10-311] analyzing module memory_ip_MemBlock0_0
INFO: [VRFC 10-311] analyzing module memory_ip_MemBlock0_1
INFO: [VRFC 10-311] analyzing module memory_ip_MemBlock0_2
INFO: [VRFC 10-311] analyzing module memory_ip_blk_mem_gen_0_1
INFO: [VRFC 10-311] analyzing module top
INFO: [VRFC 10-311] analyzing module RegFileIP_blk_mem_gen_0_0_blk_mem_gen_generic_cstr
INFO: [VRFC 10-311] analyzing module RegFileIP_blk_mem_gen_0_0_blk_mem_gen_prim_width
INFO: [VRFC 10-311] analyzing module RegFileIP_blk_mem_gen_0_0_blk_mem_gen_prim_wrapper_init
INFO: [VRFC 10-311] analyzing module RegFileIP_blk_mem_gen_0_0_blk_mem_gen_top
INFO: [VRFC 10-311] analyzing module RegFileIP_blk_mem_gen_0_0_blk_mem_gen_v8_4_7
INFO: [VRFC 10-311] analyzing module RegFileIP_blk_mem_gen_0_0_blk_mem_gen_v8_4_7_synth
INFO: [VRFC 10-311] analyzing module RegFileIP_blk_mem_gen_0_1_blk_mem_gen_generic_cstr
INFO: [VRFC 10-311] analyzing module RegFileIP_blk_mem_gen_0_1_blk_mem_gen_prim_width
INFO: [VRFC 10-311] analyzing module RegFileIP_blk_mem_gen_0_1_blk_mem_gen_prim_wrapper_init
INFO: [VRFC 10-311] analyzing module RegFileIP_blk_mem_gen_0_1_blk_mem_gen_top
INFO: [VRFC 10-311] analyzing module RegFileIP_blk_mem_gen_0_1_blk_mem_gen_v8_4_7
INFO: [VRFC 10-311] analyzing module RegFileIP_blk_mem_gen_0_1_blk_mem_gen_v8_4_7_synth
INFO: [VRFC 10-311] analyzing module memory_ip_MemBlock0_0_blk_mem_gen_generic_cstr
INFO: [VRFC 10-311] analyzing module memory_ip_MemBlock0_0_blk_mem_gen_mux
INFO: [VRFC 10-311] analyzing module memory_ip_MemBlock0_0_blk_mem_gen_prim_width
INFO: [VRFC 10-311] analyzing module memory_ip_MemBlock0_0_blk_mem_gen_prim_width__parameterized0
INFO: [VRFC 10-311] analyzing module memory_ip_MemBlock0_0_blk_mem_gen_prim_wrapper_init
INFO: [VRFC 10-311] analyzing module memory_ip_MemBlock0_0_blk_mem_gen_prim_wrapper_init__parameterized0
INFO: [VRFC 10-311] analyzing module memory_ip_MemBlock0_0_blk_mem_gen_top
INFO: [VRFC 10-311] analyzing module memory_ip_MemBlock0_0_blk_mem_gen_v8_4_7
INFO: [VRFC 10-311] analyzing module memory_ip_MemBlock0_0_blk_mem_gen_v8_4_7_synth
INFO: [VRFC 10-311] analyzing module memory_ip_MemBlock0_1_blk_mem_gen_generic_cstr
INFO: [VRFC 10-311] analyzing module memory_ip_MemBlock0_1_blk_mem_gen_mux
INFO: [VRFC 10-311] analyzing module memory_ip_MemBlock0_1_blk_mem_gen_prim_width
INFO: [VRFC 10-311] analyzing module memory_ip_MemBlock0_1_blk_mem_gen_prim_width__parameterized0
INFO: [VRFC 10-311] analyzing module memory_ip_MemBlock0_1_blk_mem_gen_prim_wrapper_init
INFO: [VRFC 10-311] analyzing module memory_ip_MemBlock0_1_blk_mem_gen_prim_wrapper_init__parameterized0
INFO: [VRFC 10-311] analyzing module memory_ip_MemBlock0_1_blk_mem_gen_top
INFO: [VRFC 10-311] analyzing module memory_ip_MemBlock0_1_blk_mem_gen_v8_4_7
INFO: [VRFC 10-311] analyzing module memory_ip_MemBlock0_1_blk_mem_gen_v8_4_7_synth
INFO: [VRFC 10-311] analyzing module memory_ip_MemBlock0_2_blk_mem_gen_generic_cstr
INFO: [VRFC 10-311] analyzing module memory_ip_MemBlock0_2_blk_mem_gen_mux
INFO: [VRFC 10-311] analyzing module memory_ip_MemBlock0_2_blk_mem_gen_prim_width
INFO: [VRFC 10-311] analyzing module memory_ip_MemBlock0_2_blk_mem_gen_prim_width__parameterized0
INFO: [VRFC 10-311] analyzing module memory_ip_MemBlock0_2_blk_mem_gen_prim_wrapper_init
INFO: [VRFC 10-311] analyzing module memory_ip_MemBlock0_2_blk_mem_gen_prim_wrapper_init__parameterized0
INFO: [VRFC 10-311] analyzing module memory_ip_MemBlock0_2_blk_mem_gen_top
INFO: [VRFC 10-311] analyzing module memory_ip_MemBlock0_2_blk_mem_gen_v8_4_7
INFO: [VRFC 10-311] analyzing module memory_ip_MemBlock0_2_blk_mem_gen_v8_4_7_synth
INFO: [VRFC 10-311] analyzing module memory_ip_blk_mem_gen_0_1_blk_mem_gen_generic_cstr
INFO: [VRFC 10-311] analyzing module memory_ip_blk_mem_gen_0_1_blk_mem_gen_mux
INFO: [VRFC 10-311] analyzing module memory_ip_blk_mem_gen_0_1_blk_mem_gen_prim_width
INFO: [VRFC 10-311] analyzing module memory_ip_blk_mem_gen_0_1_blk_mem_gen_prim_width__parameterized0
INFO: [VRFC 10-311] analyzing module memory_ip_blk_mem_gen_0_1_blk_mem_gen_prim_wrapper_init
INFO: [VRFC 10-311] analyzing module memory_ip_blk_mem_gen_0_1_blk_mem_gen_prim_wrapper_init__parameterized0
INFO: [VRFC 10-311] analyzing module memory_ip_blk_mem_gen_0_1_blk_mem_gen_top
INFO: [VRFC 10-311] analyzing module memory_ip_blk_mem_gen_0_1_blk_mem_gen_v8_4_7
INFO: [VRFC 10-311] analyzing module memory_ip_blk_mem_gen_0_1_blk_mem_gen_v8_4_7_synth
INFO: [VRFC 10-311] analyzing module glbl
INFO: [VRFC 10-2263] Analyzing Verilog file "/home/tiago/Documents/Vespa/project_micro/project_micro.srcs/sim_1/new/topTB.v" into library xil_defaultlib
INFO: [VRFC 10-311] analyzing module topTB
