INFO: [VRFC 10-2263] Analyzing Verilog file "/home/tiago/Documents/Vespa/project_micro_19-11_syntWorking/project_micro_13-11_loops/project_micro/project_micro.sim/sim_1/impl/timing/xsim/topTB_time_impl.v" into library xil_defaultlib
INFO: [VRFC 10-311] analyzing module RAM32M_UNIQ_BASE_
INFO: [VRFC 10-311] analyzing module RAM32M_HD13
INFO: [VRFC 10-311] analyzing module RAM32M_HD14
INFO: [VRFC 10-311] analyzing module RAM32M_HD15
INFO: [VRFC 10-311] analyzing module RAM32M_HD17
INFO: [VRFC 10-311] analyzing module RAM32M_HD18
INFO: [VRFC 10-311] analyzing module RAM32M_HD19
INFO: [VRFC 10-311] analyzing module RAM32M_HD20
INFO: [VRFC 10-311] analyzing module RAM32M_HD21
INFO: [VRFC 10-311] analyzing module RAM32M_HD24
INFO: [VRFC 10-311] analyzing module RAM32X1D_UNIQ_BASE_
INFO: [VRFC 10-311] analyzing module RAM32X1D_HD16
INFO: [VRFC 10-311] analyzing module RAM32X1D_HD22
INFO: [VRFC 10-311] analyzing module RAM32X1D_HD23
INFO: [VRFC 10-311] analyzing module RegisterFile
INFO: [VRFC 10-311] analyzing module addrHandler
INFO: [VRFC 10-311] analyzing module alu
INFO: [VRFC 10-311] analyzing module controlunit
INFO: [VRFC 10-311] analyzing module datapath
INFO: [VRFC 10-311] analyzing module memory_ip
INFO: [VRFC 10-311] analyzing module memory_ip_MemBlock0_0
INFO: [VRFC 10-311] analyzing module memory_ip_MemBlock0_1
INFO: [VRFC 10-311] analyzing module memory_ip_MemBlock0_2
INFO: [VRFC 10-311] analyzing module memory_ip_blk_mem_gen_0_1
INFO: [VRFC 10-311] analyzing module top
INFO: [VRFC 10-311] analyzing module memory_ip_MemBlock0_0_blk_mem_gen_generic_cstr
INFO: [VRFC 10-311] analyzing module memory_ip_MemBlock0_0_blk_mem_gen_mux
INFO: [VRFC 10-311] analyzing module memory_ip_MemBlock0_0_blk_mem_gen_prim_width
INFO: [VRFC 10-311] analyzing module memory_ip_MemBlock0_0_blk_mem_gen_prim_width__parameterized0
INFO: [VRFC 10-311] analyzing module memory_ip_MemBlock0_0_blk_mem_gen_prim_wrapper_init
INFO: [VRFC 10-311] analyzing module memory_ip_MemBlock0_0_blk_mem_gen_prim_wrapper_init__parameterized0
INFO: [VRFC 10-311] analyzing module memory_ip_MemBlock0_0_blk_mem_gen_top
INFO: [VRFC 10-311] analyzing module memory_ip_MemBlock0_0_blk_mem_gen_v8_4_7
INFO: [VRFC 10-311] analyzing module memory_ip_MemBlock0_0_blk_mem_gen_v8_4_7_synth
INFO: [VRFC 10-311] analyzing module memory_ip_MemBlock0_1_blk_mem_gen_generic_cstr
INFO: [VRFC 10-311] analyzing module memory_ip_MemBlock0_1_blk_mem_gen_mux
INFO: [VRFC 10-311] analyzing module memory_ip_MemBlock0_1_blk_mem_gen_prim_width
INFO: [VRFC 10-311] analyzing module memory_ip_MemBlock0_1_blk_mem_gen_prim_width__parameterized0
INFO: [VRFC 10-311] analyzing module memory_ip_MemBlock0_1_blk_mem_gen_prim_wrapper_init
INFO: [VRFC 10-311] analyzing module memory_ip_MemBlock0_1_blk_mem_gen_prim_wrapper_init__parameterized0
INFO: [VRFC 10-311] analyzing module memory_ip_MemBlock0_1_blk_mem_gen_top
INFO: [VRFC 10-311] analyzing module memory_ip_MemBlock0_1_blk_mem_gen_v8_4_7
INFO: [VRFC 10-311] analyzing module memory_ip_MemBlock0_1_blk_mem_gen_v8_4_7_synth
INFO: [VRFC 10-311] analyzing module memory_ip_MemBlock0_2_blk_mem_gen_generic_cstr
INFO: [VRFC 10-311] analyzing module memory_ip_MemBlock0_2_blk_mem_gen_mux
INFO: [VRFC 10-311] analyzing module memory_ip_MemBlock0_2_blk_mem_gen_prim_width
INFO: [VRFC 10-311] analyzing module memory_ip_MemBlock0_2_blk_mem_gen_prim_width__parameterized0
INFO: [VRFC 10-311] analyzing module memory_ip_MemBlock0_2_blk_mem_gen_prim_wrapper_init
INFO: [VRFC 10-311] analyzing module memory_ip_MemBlock0_2_blk_mem_gen_prim_wrapper_init__parameterized0
INFO: [VRFC 10-311] analyzing module memory_ip_MemBlock0_2_blk_mem_gen_top
INFO: [VRFC 10-311] analyzing module memory_ip_MemBlock0_2_blk_mem_gen_v8_4_7
INFO: [VRFC 10-311] analyzing module memory_ip_MemBlock0_2_blk_mem_gen_v8_4_7_synth
INFO: [VRFC 10-311] analyzing module memory_ip_blk_mem_gen_0_1_blk_mem_gen_generic_cstr
INFO: [VRFC 10-311] analyzing module memory_ip_blk_mem_gen_0_1_blk_mem_gen_mux
INFO: [VRFC 10-311] analyzing module memory_ip_blk_mem_gen_0_1_blk_mem_gen_prim_width
INFO: [VRFC 10-311] analyzing module memory_ip_blk_mem_gen_0_1_blk_mem_gen_prim_width__parameterized0
INFO: [VRFC 10-311] analyzing module memory_ip_blk_mem_gen_0_1_blk_mem_gen_prim_wrapper_init
INFO: [VRFC 10-311] analyzing module memory_ip_blk_mem_gen_0_1_blk_mem_gen_prim_wrapper_init__parameterized0
INFO: [VRFC 10-311] analyzing module memory_ip_blk_mem_gen_0_1_blk_mem_gen_top
INFO: [VRFC 10-311] analyzing module memory_ip_blk_mem_gen_0_1_blk_mem_gen_v8_4_7
INFO: [VRFC 10-311] analyzing module memory_ip_blk_mem_gen_0_1_blk_mem_gen_v8_4_7_synth
INFO: [VRFC 10-311] analyzing module glbl
INFO: [VRFC 10-2263] Analyzing Verilog file "/home/tiago/Documents/Vespa/project_micro_19-11_syntWorking/project_micro_13-11_loops/project_micro/project_micro.srcs/sim_1/new/topTB.v" into library xil_defaultlib
INFO: [VRFC 10-311] analyzing module topTB
